  [1m[36m (158.4ms)[0m  [1mCREATE TABLE "schema_migrations" ("version" varchar NOT NULL) [0m
  [1m[35m (0.2ms)[0m  select sqlite_version(*)
  [1m[36m (133.2ms)[0m  [1mCREATE UNIQUE INDEX "unique_schema_migrations" ON "schema_migrations" ("version")[0m
  [1m[35mActiveRecord::SchemaMigration Load (0.2ms)[0m  SELECT "schema_migrations".* FROM "schema_migrations"
Migrating to CreateTasks (20150908080525)
  [1m[36m (0.5ms)[0m  [1mbegin transaction[0m
  [1m[35m (0.6ms)[0m  CREATE TABLE "tasks" ("id" INTEGER PRIMARY KEY AUTOINCREMENT NOT NULL, "name" varchar, "description" text, "category" varchar, "level" integer, "rating" float, "created_at" datetime NOT NULL, "updated_at" datetime NOT NULL) 
  [1m[36mSQL (0.3ms)[0m  [1mINSERT INTO "schema_migrations" ("version") VALUES (?)[0m  [["version", "20150908080525"]]
  [1m[35m (132.9ms)[0m  commit transaction
  [1m[36mActiveRecord::SchemaMigration Load (0.1ms)[0m  [1mSELECT "schema_migrations".* FROM "schema_migrations"[0m


Started GET "/" for 127.0.0.1 at 2015-09-08 11:06:03 +0300
  [1m[36mActiveRecord::SchemaMigration Load (0.2ms)[0m  [1mSELECT "schema_migrations".* FROM "schema_migrations"[0m
Processing by Rails::WelcomeController#index as HTML
  Rendered /home/swatgetmann/.rvm/gems/ruby-2.2.1/gems/railties-4.2.4/lib/rails/templates/rails/welcome/index.html.erb (1.8ms)
Completed 200 OK in 26ms (Views: 8.4ms | ActiveRecord: 0.0ms)


Started GET "/tasks" for 127.0.0.1 at 2015-09-08 11:06:07 +0300
Processing by TasksController#index as HTML
  [1m[35mTask Load (0.3ms)[0m  SELECT "tasks".* FROM "tasks"
  Rendered tasks/index.html.erb within layouts/application (3.2ms)
Completed 200 OK in 1678ms (Views: 1673.8ms | ActiveRecord: 0.4ms)


Started GET "/assets/scaffolds.self-0320c7a6e4e23d8b4e7461df36907acb8b953ee16760bb0611748585e25ae6db.css?body=1" for 127.0.0.1 at 2015-09-08 11:06:09 +0300


Started GET "/assets/tasks.self-e3b0c44298fc1c149afbf4c8996fb92427ae41e4649b934ca495991b7852b855.css?body=1" for 127.0.0.1 at 2015-09-08 11:06:09 +0300


Started GET "/assets/tasks.self-877aef30ae1b040ab8a3aba4e3e309a11d7f2612f44dde450b5c157aa5f95c05.js?body=1" for 127.0.0.1 at 2015-09-08 11:06:09 +0300


Started GET "/tasks/new" for 127.0.0.1 at 2015-09-08 11:06:15 +0300
Processing by TasksController#new as HTML
  Rendered tasks/_form.html.erb (81.8ms)
  Rendered tasks/new.html.erb within layouts/application (87.1ms)
Completed 200 OK in 241ms (Views: 227.2ms | ActiveRecord: 0.5ms)


Started GET "/tasks" for 127.0.0.1 at 2015-09-08 11:06:22 +0300
Processing by TasksController#index as HTML
  [1m[36mTask Load (0.3ms)[0m  [1mSELECT "tasks".* FROM "tasks"[0m
  Rendered tasks/index.html.erb within layouts/application (2.5ms)
Completed 200 OK in 114ms (Views: 113.0ms | ActiveRecord: 0.3ms)


Started GET "/tasks/new" for 127.0.0.1 at 2015-09-08 11:06:23 +0300
Processing by TasksController#new as HTML
  Rendered tasks/_form.html.erb (14.4ms)
  Rendered tasks/new.html.erb within layouts/application (16.0ms)
Completed 200 OK in 102ms (Views: 99.6ms | ActiveRecord: 0.0ms)
  [1m[36mTask Load (1.8ms)[0m  [1mSELECT "tasks".* FROM "tasks"[0m
  [1m[35mTask Load (0.3ms)[0m  SELECT  "tasks".* FROM "tasks"  ORDER BY "tasks"."id" ASC LIMIT 1
  [1m[36m (0.2ms)[0m  [1mbegin transaction[0m
  [1m[35mSQL (0.4ms)[0m  INSERT INTO "tasks" ("name", "description", "created_at", "updated_at") VALUES (?, ?, ?, ?)  [["name", "aaa"], ["description", "babbb"], ["created_at", "2015-09-08 08:08:40.258145"], ["updated_at", "2015-09-08 08:08:40.258145"]]
  [1m[36m (125.3ms)[0m  [1mcommit transaction[0m
  [1m[35mTask Load (0.3ms)[0m  SELECT  "tasks".* FROM "tasks"  ORDER BY "tasks"."id" ASC LIMIT 1
  [1m[36mTask Load (0.5ms)[0m  [1mSELECT "tasks".* FROM "tasks" WHERE (6)[0m
  [1m[35mTask Load (0.4ms)[0m  SELECT "tasks".* FROM "tasks" WHERE (6)
  [1m[36mTask Load (0.4ms)[0m  [1mSELECT "tasks".* FROM "tasks" WHERE "tasks"."name" = ?[0m  [["name", "6"]]
  [1m[35mTask Load (1.0ms)[0m  SELECT "tasks".* FROM "tasks" WHERE "tasks"."user_id" = 6
SQLite3::SQLException: no such column: tasks.user_id: SELECT "tasks".* FROM "tasks" WHERE "tasks"."user_id" = 6


Started GET "/tasks" for 127.0.0.1 at 2015-09-08 11:11:07 +0300
  [1m[36mActiveRecord::SchemaMigration Load (0.2ms)[0m  [1mSELECT "schema_migrations".* FROM "schema_migrations"[0m
Processing by TasksController#index as HTML
  [1m[35mTask Load (0.2ms)[0m  SELECT "tasks".* FROM "tasks"
  Rendered tasks/index.html.erb within layouts/application (11.2ms)
Completed 200 OK in 281ms (Views: 265.4ms | ActiveRecord: 0.7ms)


Started GET "/assets/scaffolds.self-0320c7a6e4e23d8b4e7461df36907acb8b953ee16760bb0611748585e25ae6db.css?body=1" for 127.0.0.1 at 2015-09-08 11:11:07 +0300


Started GET "/assets/application.self-e80e8f2318043e8af94dddc2adad5a4f09739a8ebb323b3ab31cd71d45fd9113.css?body=1" for 127.0.0.1 at 2015-09-08 11:11:07 +0300


Started GET "/assets/tasks.self-e3b0c44298fc1c149afbf4c8996fb92427ae41e4649b934ca495991b7852b855.css?body=1" for 127.0.0.1 at 2015-09-08 11:11:07 +0300


Started GET "/assets/jquery_ujs.self-d456baa54c1fa6be2ec3711f0a72ddf7a5b2f34a6b4f515f33767d6207b7d4b3.js?body=1" for 127.0.0.1 at 2015-09-08 11:11:07 +0300


Started GET "/assets/tasks.self-877aef30ae1b040ab8a3aba4e3e309a11d7f2612f44dde450b5c157aa5f95c05.js?body=1" for 127.0.0.1 at 2015-09-08 11:11:07 +0300


Started GET "/assets/jquery.self-a714331225dda820228db323939889f149aec0127aeb06255646b616ba1ca419.js?body=1" for 127.0.0.1 at 2015-09-08 11:11:07 +0300


Started GET "/assets/turbolinks.self-c37727e9bd6b2735da5c311aa83fead54ed0be6cc8bd9a65309e9c5abe2cbfff.js?body=1" for 127.0.0.1 at 2015-09-08 11:11:07 +0300


Started GET "/assets/application.self-3b8dabdc891efe46b9a144b400ad69e37d7e5876bdc39dee783419a69d7ca819.js?body=1" for 127.0.0.1 at 2015-09-08 11:11:07 +0300
